<?xml version="1.0" encoding="UTF-8"?>
<testsuite name="EstatisticasTest" tests="5" skipped="0" failures="0" errors="0" timestamp="2022-01-21T22:21:00" hostname="LAPTOP-IDK69CAD" time="0.043">
  <properties/>
  <testcase name="getNumMedioProdutosPorTransacaoTest()" classname="EstatisticasTest" time="0.009"/>
  <testcase name="getNumMedioEncomendasPorDiaTest()" classname="EstatisticasTest" time="0.006"/>
  <testcase name="getTotalCustosEnvioTest()" classname="EstatisticasTest" time="0.007"/>
  <testcase name="getValorMedioTransacoesTest()" classname="EstatisticasTest" time="0.005"/>
  <testcase name="getValorMedioVendasComprasPorDistritoTest()" classname="EstatisticasTest" time="0.01"/>
  <system-out><![CDATA[]]></system-out>
  <system-err><![CDATA[]]></system-err>
</testsuite>
