<?xml version="1.0" encoding="UTF-8"?>
<testsuite name="ExpedicoesTest" tests="1" skipped="0" failures="0" errors="0" timestamp="2022-01-21T22:21:00" hostname="LAPTOP-IDK69CAD" time="0.049">
  <properties/>
  <testcase name="assignEncomendas()" classname="ExpedicoesTest" time="0.049"/>
  <system-out><![CDATA[ (O sistema nÃ£o conseguiu localizar o caminho especificado)
]]></system-out>
  <system-err><![CDATA[]]></system-err>
</testsuite>
