<?xml version="1.0" encoding="UTF-8"?>
<testsuite name="BasicCustosTest" tests="1" skipped="0" failures="0" errors="0" timestamp="2022-01-21T22:21:00" hostname="LAPTOP-IDK69CAD" time="0.141">
  <properties/>
  <testcase name="calculaCusto()" classname="BasicCustosTest" time="0.141"/>
  <system-out><![CDATA[]]></system-out>
  <system-err><![CDATA[]]></system-err>
</testsuite>
