<?xml version="1.0" encoding="UTF-8"?>
<testsuite name="BasicTransactionEncomendaTest" tests="1" skipped="0" failures="0" errors="0" timestamp="2022-01-21T22:21:00" hostname="LAPTOP-IDK69CAD" time="0.003">
  <properties/>
  <testcase name="addTransactionLineTest()" classname="BasicTransactionEncomendaTest" time="0.003"/>
  <system-out><![CDATA[]]></system-out>
  <system-err><![CDATA[]]></system-err>
</testsuite>
