<?xml version="1.0" encoding="UTF-8"?>
<testsuite name="BasicGestaoEncomendasTest" tests="3" skipped="0" failures="0" errors="0" timestamp="2022-01-21T22:21:00" hostname="LAPTOP-IDK69CAD" time="0.035">
  <properties/>
  <testcase name="findEncomendaTest()" classname="BasicGestaoEncomendasTest" time="0.02"/>
  <testcase name="cancelarEncomendaTest()" classname="BasicGestaoEncomendasTest" time="0.007"/>
  <testcase name="addEncomendaTest()" classname="BasicGestaoEncomendasTest" time="0.004"/>
  <system-out><![CDATA[]]></system-out>
  <system-err><![CDATA[]]></system-err>
</testsuite>
